<?xml version="1.0" encoding="UTF-8"?>
<!-- Generated by org.testng.reporters.JUnitReportReporter -->
<testsuite hostname="gauravrajpoot" failures="0" tests="1" name="com.nagarro.com.learning.ExtentTests" time="0.017" errors="0" timestamp="2022-02-16T11:59:07 IST" skipped="0">
  <testcase classname="com.nagarro.com.learning.ExtentTests" name="Seleniumtest2" time="0.017"/>
  <system-out/>
</testsuite> <!-- com.nagarro.com.learning.ExtentTests -->
