<?xml version="1.0" encoding="UTF-8"?>
<!-- Generated by org.testng.reporters.JUnitReportReporter -->
<testsuite hostname="gauravrajpoot" failures="0" tests="3" name="com.nagarro.com.learning.ExtentTests" time="0.051" errors="0" timestamp="2022-02-16T14:54:59 IST" skipped="0">
  <testcase classname="com.nagarro.com.learning.ExtentTests" name="Seleniumtest3" time="0.003"/>
  <system-out/>
  <testcase classname="com.nagarro.com.learning.ExtentTests" name="Seleniumtest1" time="0.043"/>
  <system-out/>
  <testcase classname="com.nagarro.com.learning.ExtentTests" name="Seleniumtest2" time="0.005"/>
  <system-out/>
</testsuite> <!-- com.nagarro.com.learning.ExtentTests -->
